gain 45    bias 134
xmlrpc http://localhost:12000/RPC2 state_change daqint starting 'struct/{run_number:i/6046}'
running
Fri 12 May 12:49:59 CDT 2023
Ending the run....
Fri 12 May 12:53:12 CDT 2023
gain 49   bias  134
xmlrpc http://localhost:12000/RPC2 state_change daqint starting 'struct/{run_number:i/6047}'
running
Fri 12 May 12:54:01 CDT 2023
Ending the run....
Fri 12 May 12:57:20 CDT 2023
gain 49   bias  114
xmlrpc http://localhost:12000/RPC2 state_change daqint starting 'struct/{run_number:i/6048}'
running
Fri 12 May 12:58:15 CDT 2023
Ending the run....
Fri 12 May 13:01:28 CDT 2023
 gain 52   bias  174
xmlrpc http://localhost:12000/RPC2 state_change daqint starting 'struct/{run_number:i/6049}'
running
Fri 12 May 13:02:18 CDT 2023
Ending the run....
Fri 12 May 13:05:33 CDT 2023
 gain 52   bias  154
xmlrpc http://localhost:12000/RPC2 state_change daqint starting 'struct/{run_number:i/6050}'
running
Fri 12 May 13:06:22 CDT 2023
Ending the run....
Fri 12 May 13:09:41 CDT 2023
 gain 52   bias  134
xmlrpc http://localhost:12000/RPC2 state_change daqint starting 'struct/{run_number:i/6051}'
running
Fri 12 May 13:10:36 CDT 2023
Ending the run....
Fri 12 May 13:13:53 CDT 2023
 gain 52   bias  114
xmlrpc http://localhost:12000/RPC2 state_change daqint starting 'struct/{run_number:i/6052}'
running
Fri 12 May 13:14:43 CDT 2023
Ending the run....
Fri 12 May 13:17:58 CDT 2023
=============== This set of runs stops ===============
xmlrpc http://localhost:12000/RPC2 state_change daqint starting 'struct/{run_number:i/6053}'
running
Fri 12 May 13:36:15 CDT 2023
Ending the run....
Fri 12 May 13:39:32 CDT 2023
gain 45    bias 154
xmlrpc http://localhost:12000/RPC2 state_change daqint starting 'struct/{run_number:i/6054}'
running
Fri 12 May 13:40:24 CDT 2023
Ending the run....
Fri 12 May 13:43:41 CDT 2023
gain 45    bias 114
xmlrpc http://localhost:12000/RPC2 state_change daqint starting 'struct/{run_number:i/6055}'
running
Fri 12 May 13:44:36 CDT 2023
Ending the run....
Fri 12 May 13:47:49 CDT 2023
gain 49   bias  174
xmlrpc http://localhost:12000/RPC2 state_change daqint starting 'struct/{run_number:i/6056}'
running
Fri 12 May 13:48:44 CDT 2023
Ending the run....
Fri 12 May 13:51:56 CDT 2023
gain 49   bias  154
xmlrpc http://localhost:12000/RPC2 state_change daqint starting 'struct/{run_number:i/6057}'
running
Fri 12 May 13:52:51 CDT 2023
Ending the run....
Fri 12 May 13:56:08 CDT 2023
=============== This set of runs stops ===============
gain 52    bias 204
xmlrpc http://localhost:12000/RPC2 state_change daqint starting 'struct/{run_number:i/6063}'
running
Fri 12 May 14:53:31 CDT 2023
Ending the run....
Fri 12 May 18:53:52 CDT 2023
gain 52    bias 189
gain 52    bias 189
xmlrpc http://localhost:12000/RPC2 state_change daqint starting 'struct/{run_number:i/6071}'
running
Fri May 12 23:04:10 CDT 2023
Ending the run....
Sat May 13 03:04:56 CDT 2023
gain 52    bias 174
xmlrpc http://localhost:12000/RPC2 state_change daqint starting 'struct/{run_number:i/6072}'
running
Sat May 13 03:06:01 CDT 2023
Ending the run....
Sat May 13 07:06:23 CDT 2023
gain 52    bias 154
xmlrpc http://localhost:12000/RPC2 state_change daqint starting 'struct/{run_number:i/6073}'
running
Sat May 13 07:07:25 CDT 2023
Ending the run....
Sat May 13 11:07:51 CDT 2023
gain 52    bias 134
xmlrpc http://localhost:12000/RPC2 state_change daqint starting 'struct/{run_number:i/6074}'
running
Sat May 13 11:08:56 CDT 2023
Ending the run....
Sat May 13 15:09:17 CDT 2023
gain 45   bias  154
xmlrpc http://localhost:12000/RPC2 state_change daqint starting 'struct/{run_number:i/6075}'
running
Sat May 13 15:10:16 CDT 2023
Ending the run....
Sat May 13 19:10:42 CDT 2023
gain 45   bias  174
xmlrpc http://localhost:12000/RPC2 state_change daqint starting 'struct/{run_number:i/6076}'
running
Sat May 13 19:11:47 CDT 2023
Ending the run....
Sat May 13 23:12:10 CDT 2023
gain 45   bias  189
xmlrpc http://localhost:12000/RPC2 state_change daqint starting 'struct/{run_number:i/6077}'
running
Sat May 13 23:13:13 CDT 2023
Ending the run....
Sun May 14 03:13:36 CDT 2023
gain 45   bias  204
xmlrpc http://localhost:12000/RPC2 state_change daqint starting 'struct/{run_number:i/6078}'
running
Sun May 14 03:14:37 CDT 2023
Ending the run....
Sun May 14 07:14:59 CDT 2023
gain 45   bias  225
xmlrpc http://localhost:12000/RPC2 state_change daqint starting 'struct/{run_number:i/6079}'
running
Sun May 14 07:15:57 CDT 2023
Ending the run....
Sun May 14 11:16:25 CDT 2023
gain 35   bias  189
xmlrpc http://localhost:12000/RPC2 state_change daqint starting 'struct/{run_number:i/6083}'
running
Sun May 14 11:17:30 CDT 2023
gain 35   bias  204
xmlrpc http://localhost:12000/RPC2 state_change daqint starting 'struct/{run_number:i/6091}'
running
Sun May 14 15:11:38 CDT 2023
Ending the run....
Sun May 14 18:15:30 CDT 2023
gain 35   bias  225
xmlrpc http://localhost:12000/RPC2 state_change daqint starting 'struct/{run_number:i/6096}'
running
Sun May 14 18:16:35 CDT 2023
Ending the run....
Sun May 14 21:20:23 CDT 2023
=============== This set of runs stops ===============
gain 52    bias 204
xmlrpc http://localhost:12000/RPC2 state_change daqint starting 'struct/{run_number:i/6106}'
running
Sun May 14 21:37:54 CDT 2023
Ending the run....
Sun May 14 23:38:09 CDT 2023
gain 52    bias 189
xmlrpc http://localhost:12000/RPC2 state_change daqint starting 'struct/{run_number:i/6107}'
running
Sun May 14 23:39:04 CDT 2023
Ending the run....
Mon May 15 01:39:18 CDT 2023
gain 52    bias 174
xmlrpc http://localhost:12000/RPC2 state_change daqint starting 'struct/{run_number:i/6108}'
running
Mon May 15 01:40:13 CDT 2023
Ending the run....
Mon May 15 03:40:32 CDT 2023
gain 52    bias 154
xmlrpc http://localhost:12000/RPC2 state_change daqint starting 'struct/{run_number:i/6109}'
running
Mon May 15 03:41:27 CDT 2023
Ending the run....
Mon May 15 05:41:42 CDT 2023
gain 52    bias 134
xmlrpc http://localhost:12000/RPC2 state_change daqint starting 'struct/{run_number:i/6110}'
running
Mon May 15 05:42:45 CDT 2023
Ending the run....
Mon May 15 07:43:00 CDT 2023
gain 52    bias 174
xmlrpc http://localhost:12000/RPC2 state_change daqint starting 'struct/{run_number:i/6111}'
running
Mon May 15 07:44:03 CDT 2023
Ending the run....
Mon May 15 09:44:17 CDT 2023
=============== This set of runs stops ===============
 
 
 
 
=============== This set of runs stops ===============
 
